c:\users\dell\source\repos\svgreader\svgreader\x64\debug\vc143.pdb
c:\users\dell\source\repos\svgreader\svgreader\x64\debug\vc143.idb
c:\users\dell\source\repos\svgreader\svgreader\x64\debug\textsvg.obj
c:\users\dell\source\repos\svgreader\svgreader\x64\debug\strokesvg.obj
c:\users\dell\source\repos\svgreader\svgreader\x64\debug\shapesvg.obj
c:\users\dell\source\repos\svgreader\svgreader\x64\debug\rendersvg.obj
c:\users\dell\source\repos\svgreader\svgreader\x64\debug\rectanglesvg.obj
c:\users\dell\source\repos\svgreader\svgreader\x64\debug\polylinesvg.obj
c:\users\dell\source\repos\svgreader\svgreader\x64\debug\polygonsvg.obj
c:\users\dell\source\repos\svgreader\svgreader\x64\debug\parsersvg.obj
c:\users\dell\source\repos\svgreader\svgreader\x64\debug\opacitysvg.obj
c:\users\dell\source\repos\svgreader\svgreader\x64\debug\nonfillshapesvg.obj
c:\users\dell\source\repos\svgreader\svgreader\x64\debug\linesvg.obj
c:\users\dell\source\repos\svgreader\svgreader\x64\debug\function.obj
c:\users\dell\source\repos\svgreader\svgreader\x64\debug\fillsvg.obj
c:\users\dell\source\repos\svgreader\svgreader\x64\debug\fillshapesvg.obj
c:\users\dell\source\repos\svgreader\svgreader\x64\debug\ellipsesvg.obj
c:\users\dell\source\repos\svgreader\svgreader\x64\debug\circlesvg.obj
c:\users\dell\source\repos\svgreader\svgreader\x64\debug\svgreader.obj
c:\users\dell\source\repos\svgreader\x64\debug\svgreader.exe
c:\users\dell\source\repos\svgreader\x64\debug\svgreader.pdb
c:\users\dell\source\repos\svgreader\svgreader\x64\debug\svgreader.ilk
c:\users\dell\downloads\24120206_24120136_24120157_24120394\source\svgreader\x64\debug\circlesvg.obj
c:\users\dell\downloads\24120206_24120136_24120157_24120394\source\svgreader\x64\debug\ellipsesvg.obj
c:\users\dell\downloads\24120206_24120136_24120157_24120394\source\svgreader\x64\debug\fillshapesvg.obj
c:\users\dell\downloads\24120206_24120136_24120157_24120394\source\svgreader\x64\debug\fillsvg.obj
c:\users\dell\downloads\24120206_24120136_24120157_24120394\source\svgreader\x64\debug\function.obj
c:\users\dell\downloads\24120206_24120136_24120157_24120394\source\svgreader\x64\debug\linesvg.obj
c:\users\dell\downloads\24120206_24120136_24120157_24120394\source\svgreader\x64\debug\nonfillshapesvg.obj
c:\users\dell\downloads\24120206_24120136_24120157_24120394\source\svgreader\x64\debug\opacitysvg.obj
c:\users\dell\downloads\24120206_24120136_24120157_24120394\source\svgreader\x64\debug\parsersvg.obj
c:\users\dell\downloads\24120206_24120136_24120157_24120394\source\svgreader\x64\debug\polygonsvg.obj
c:\users\dell\downloads\24120206_24120136_24120157_24120394\source\svgreader\x64\debug\polylinesvg.obj
c:\users\dell\downloads\24120206_24120136_24120157_24120394\source\svgreader\x64\debug\rectanglesvg.obj
c:\users\dell\downloads\24120206_24120136_24120157_24120394\source\svgreader\x64\debug\rendersvg.obj
c:\users\dell\downloads\24120206_24120136_24120157_24120394\source\svgreader\x64\debug\shapesvg.obj
c:\users\dell\downloads\24120206_24120136_24120157_24120394\source\svgreader\x64\debug\strokesvg.obj
c:\users\dell\downloads\24120206_24120136_24120157_24120394\source\svgreader\x64\debug\svgreader.obj
c:\users\dell\downloads\24120206_24120136_24120157_24120394\source\svgreader\x64\debug\textsvg.obj
c:\users\dell\downloads\24120206_24120136_24120157_24120394\source\svgreader\x64\debug\svgreader.ilk
c:\users\dell\downloads\24120206_24120136_24120157_24120394\source\svgreader\x64\debug\vc143.idb
c:\users\dell\downloads\24120206_24120136_24120157_24120394\source\svgreader\x64\debug\vc143.pdb
c:\users\dell\downloads\24120206_24120136_24120157_24120394\source\x64\debug\svgreader.pdb
c:\users\dell\downloads\24120206_24120136_24120157_24120394\source\x64\debug\svgreader.exe
c:\users\dell\downloads\24120206_24120136_24120157_24120394\source\svgreader\x64\debug\svgreader.tlog\cl.command.1.tlog
c:\users\dell\downloads\24120206_24120136_24120157_24120394\source\svgreader\x64\debug\svgreader.tlog\cl.items.tlog
c:\users\dell\downloads\24120206_24120136_24120157_24120394\source\svgreader\x64\debug\svgreader.tlog\cl.read.1.tlog
c:\users\dell\downloads\24120206_24120136_24120157_24120394\source\svgreader\x64\debug\svgreader.tlog\cl.write.1.tlog
c:\users\dell\downloads\24120206_24120136_24120157_24120394\source\svgreader\x64\debug\svgreader.tlog\link.command.1.tlog
c:\users\dell\downloads\24120206_24120136_24120157_24120394\source\svgreader\x64\debug\svgreader.tlog\link.read.1.tlog
c:\users\dell\downloads\24120206_24120136_24120157_24120394\source\svgreader\x64\debug\svgreader.tlog\link.secondary.1.tlog
c:\users\dell\downloads\24120206_24120136_24120157_24120394\source\svgreader\x64\debug\svgreader.tlog\link.write.1.tlog
