  CircleSVG.cpp
  EllipseSVG.cpp
C:\Users\DELL\Downloads\24120206_24120136_24120157_24120394\Source\SVGReader\EllipseSVG.cpp(47,18): warning C4244: 'argument': conversion from 'float' to 'BYTE', possible loss of data
C:\Users\DELL\Downloads\24120206_24120136_24120157_24120394\Source\SVGReader\EllipseSVG.cpp(48,20): warning C4244: 'argument': conversion from 'float' to 'BYTE', possible loss of data
  FillShapeSVG.cpp
  FillSVG.cpp
  Function.cpp
C:\Users\DELL\Downloads\24120206_24120136_24120157_24120394\Source\SVGReader\Function.cpp(214,28): warning C4101: 'e': unreferenced local variable
  LineSVG.cpp
C:\Users\DELL\Downloads\24120206_24120136_24120157_24120394\Source\SVGReader\LineSVG.cpp(42,20): warning C4244: 'argument': conversion from 'float' to 'BYTE', possible loss of data
  NonFillShapeSVG.cpp
  OpacitySVG.cpp
  ParserSVG.cpp
  PolygonSVG.cpp
C:\Users\DELL\Downloads\24120206_24120136_24120157_24120394\Source\SVGReader\PolygonSVG.cpp(34,18): warning C4244: 'argument': conversion from 'float' to 'BYTE', possible loss of data
C:\Users\DELL\Downloads\24120206_24120136_24120157_24120394\Source\SVGReader\PolygonSVG.cpp(35,20): warning C4244: 'argument': conversion from 'float' to 'BYTE', possible loss of data
  PolylineSVG.cpp
C:\Users\DELL\Downloads\24120206_24120136_24120157_24120394\Source\SVGReader\PolylineSVG.cpp(36,18): warning C4244: 'argument': conversion from 'float' to 'BYTE', possible loss of data
C:\Users\DELL\Downloads\24120206_24120136_24120157_24120394\Source\SVGReader\PolylineSVG.cpp(37,20): warning C4244: 'argument': conversion from 'float' to 'BYTE', possible loss of data
  RectangleSVG.cpp
C:\Users\DELL\Downloads\24120206_24120136_24120157_24120394\Source\SVGReader\RectangleSVG.cpp(49,23): warning C4002: too many arguments for function-like macro invocation 'min'
C:\Users\DELL\Downloads\24120206_24120136_24120157_24120394\Source\SVGReader\RectangleSVG.cpp(51,25): warning C4002: too many arguments for function-like macro invocation 'min'
C:\Users\DELL\Downloads\24120206_24120136_24120157_24120394\Source\SVGReader\RectangleSVG.cpp(52,19): warning C4244: 'argument': conversion from 'float' to 'BYTE', possible loss of data
C:\Users\DELL\Downloads\24120206_24120136_24120157_24120394\Source\SVGReader\RectangleSVG.cpp(53,21): warning C4244: 'argument': conversion from 'float' to 'BYTE', possible loss of data
C:\Users\DELL\Downloads\24120206_24120136_24120157_24120394\Source\SVGReader\RectangleSVG.cpp(81,19): warning C4244: 'argument': conversion from 'float' to 'BYTE', possible loss of data
C:\Users\DELL\Downloads\24120206_24120136_24120157_24120394\Source\SVGReader\RectangleSVG.cpp(82,21): warning C4244: 'argument': conversion from 'float' to 'BYTE', possible loss of data
  RenderSVG.cpp
  ShapeSVG.cpp
  StrokeSVG.cpp
  SVGReader.cpp
C:\Users\DELL\Downloads\24120206_24120136_24120157_24120394\Source\SVGReader\SVGReader.cpp(3,9): warning C4005: 'UNICODE': macro redefinition
      C:\Users\DELL\Downloads\24120206_24120136_24120157_24120394\Source\SVGReader\SVGReader.cpp(3,9):
      'UNICODE' previously declared on the command line
  
C:\Users\DELL\Downloads\24120206_24120136_24120157_24120394\Source\SVGReader\SVGReader.cpp(4,9): warning C4005: '_UNICODE': macro redefinition
      C:\Users\DELL\Downloads\24120206_24120136_24120157_24120394\Source\SVGReader\SVGReader.cpp(4,9):
      '_UNICODE' previously declared on the command line
  
  TextSVG.cpp
C:\Users\DELL\Downloads\24120206_24120136_24120157_24120394\Source\SVGReader\TextSVG.cpp(87,19): warning C4244: 'argument': conversion from 'float' to 'BYTE', possible loss of data
C:\Users\DELL\Downloads\24120206_24120136_24120157_24120394\Source\SVGReader\TextSVG.cpp(88,21): warning C4244: 'argument': conversion from 'float' to 'BYTE', possible loss of data
C:\Users\DELL\Downloads\24120206_24120136_24120157_24120394\Source\SVGReader\TextSVG.cpp(129,20): warning C4244: 'argument': conversion from 'float' to 'BYTE', possible loss of data
C:\Users\DELL\Downloads\24120206_24120136_24120157_24120394\Source\SVGReader\TextSVG.cpp(130,22): warning C4244: 'argument': conversion from 'float' to 'BYTE', possible loss of data
  Generating Code...
  SVGReader.vcxproj -> C:\Users\DELL\Downloads\24120206_24120136_24120157_24120394\Source\x64\Debug\SVGReader.exe
